# JRE version: OpenJDK Runtime Environment (8.0_202-b03) (build 1.8.0_202-release-1483-b03)
# Java VM: OpenJDK 64-Bit Server VM (25.202-b03 mixed mode windows-amd64 compressed oops)
Heap:
 PSYoungGen      total 480768K, used 120916K [0x00000000e0000000, 0x0000000100000000, 0x0000000100000000)
  eden space 440832K, 27% used [0x00000000e0000000,0x00000000e76150f8,0x00000000fae80000)
  from space 39936K, 0% used [0x00000000fae80000,0x00000000fae80000,0x00000000fd580000)
  to   space 43520K, 0% used [0x00000000fd580000,0x00000000fd580000,0x0000000100000000)
 ParOldGen       total 301568K, used 135163K [0x00000000a0000000, 0x00000000b2680000, 0x00000000e0000000)
  object space 301568K, 44% used [0x00000000a0000000,0x00000000a83fed80,0x00000000b2680000)
 Metaspace       used 72896K, capacity 75846K, committed 76184K, reserved 1116160K
  class space    used 9722K, capacity 10335K, committed 10408K, reserved 1048576K
GC Heap History (10 events):
Event: 35.615 GC heap before
{Heap before GC invocations=29 (full 3):
 PSYoungGen      total 462848K, used 460932K [0x00000000e0000000, 0x0000000100000000, 0x0000000100000000)
  eden space 425984K, 100% used [0x00000000e0000000,0x00000000fa000000,0x00000000fa000000)
  from space 36864K, 94% used [0x00000000fa000000,0x00000000fc2210a8,0x00000000fc400000)
  to   space 41984K, 0% used [0x00000000fd700000,0x00000000fd700000,0x0000000100000000)
 ParOldGen       total 143360K, used 79531K [0x00000000a0000000, 0x00000000a8c00000, 0x00000000e0000000)
  object space 143360K, 55% used [0x00000000a0000000,0x00000000a4daae18,0x00000000a8c00000)
 Metaspace       used 70391K, capacity 73262K, committed 73624K, reserved 1112064K
  class space    used 9447K, capacity 10039K, committed 10152K, reserved 1048576K
Event: 35.677 GC heap after
Heap after GC invocations=29 (full 3):
 PSYoungGen      total 480256K, used 27443K [0x00000000e0000000, 0x0000000100000000, 0x0000000100000000)
  eden space 438272K, 0% used [0x00000000e0000000,0x00000000e0000000,0x00000000fac00000)
  from space 41984K, 65% used [0x00000000fd700000,0x00000000ff1ccc58,0x0000000100000000)
  to   space 43008K, 0% used [0x00000000fac00000,0x00000000fac00000,0x00000000fd600000)
 ParOldGen       total 143360K, used 81695K [0x00000000a0000000, 0x00000000a8c00000, 0x00000000e0000000)
  object space 143360K, 56% used [0x00000000a0000000,0x00000000a4fc7e38,0x00000000a8c00000)
 Metaspace       used 70391K, capacity 73262K, committed 73624K, reserved 1112064K
  class space    used 9447K, capacity 10039K, committed 10152K, reserved 1048576K
}
Event: 37.879 GC heap before
{Heap before GC invocations=30 (full 3):
 PSYoungGen      total 480256K, used 465715K [0x00000000e0000000, 0x0000000100000000, 0x0000000100000000)
  eden space 438272K, 100% used [0x00000000e0000000,0x00000000fac00000,0x00000000fac00000)
  from space 41984K, 65% used [0x00000000fd700000,0x00000000ff1ccc58,0x0000000100000000)
  to   space 43008K, 0% used [0x00000000fac00000,0x00000000fac00000,0x00000000fd600000)
 ParOldGen       total 143360K, used 81695K [0x00000000a0000000, 0x00000000a8c00000, 0x00000000e0000000)
  object space 143360K, 56% used [0x00000000a0000000,0x00000000a4fc7e38,0x00000000a8c00000)
 Metaspace       used 70653K, capacity 73530K, committed 73880K, reserved 1114112K
  class space    used 9483K, capacity 10041K, committed 10152K, reserved 1048576K
Event: 37.923 GC heap after
Heap after GC invocations=30 (full 3):
 PSYoungGen      total 459264K, used 20626K [0x00000000e0000000, 0x00000000ffe00000, 0x0000000100000000)
  eden space 438272K, 0% used [0x00000000e0000000,0x00000000e0000000,0x00000000fac00000)
  from space 20992K, 98% used [0x00000000fac00000,0x00000000fc024b88,0x00000000fc080000)
  to   space 41472K, 0% used [0x00000000fd580000,0x00000000fd580000,0x00000000ffe00000)
 ParOldGen       total 143360K, used 81695K [0x00000000a0000000, 0x00000000a8c00000, 0x00000000e0000000)
  object space 143360K, 56% used [0x00000000a0000000,0x00000000a4fc7e38,0x00000000a8c00000)
 Metaspace       used 70653K, capacity 73530K, committed 73880K, reserved 1114112K
  class space    used 9483K, capacity 10041K, committed 10152K, reserved 1048576K
}
Event: 42.417 GC heap before
{Heap before GC invocations=31 (full 3):
 PSYoungGen      total 459264K, used 458822K [0x00000000e0000000, 0x00000000ffe00000, 0x0000000100000000)
  eden space 438272K, 99% used [0x00000000e0000000,0x00000000fabecfa8,0x00000000fac00000)
  from space 20992K, 98% used [0x00000000fac00000,0x00000000fc024b88,0x00000000fc080000)
  to   space 41472K, 0% used [0x00000000fd580000,0x00000000fd580000,0x00000000ffe00000)
 ParOldGen       total 143360K, used 81695K [0x00000000a0000000, 0x00000000a8c00000, 0x00000000e0000000)
  object space 143360K, 56% used [0x00000000a0000000,0x00000000a4fc7e38,0x00000000a8c00000)
 Metaspace       used 71029K, capacity 73982K, committed 74136K, reserved 1114112K
  class space    used 9529K, capacity 10105K, committed 10152K, reserved 1048576K
Event: 42.455 GC heap after
Heap after GC invocations=31 (full 3):
 PSYoungGen      total 482304K, used 14833K [0x00000000e0000000, 0x0000000100000000, 0x0000000100000000)
  eden space 440832K, 0% used [0x00000000e0000000,0x00000000e0000000,0x00000000fae80000)
  from space 41472K, 35% used [0x00000000fd580000,0x00000000fe3fc410,0x00000000ffe00000)
  to   space 39936K, 0% used [0x00000000fae80000,0x00000000fae80000,0x00000000fd580000)
 ParOldGen       total 143360K, used 81695K [0x00000000a0000000, 0x00000000a8c00000, 0x00000000e0000000)
  object space 143360K, 56% used [0x00000000a0000000,0x00000000a4fc7e38,0x00000000a8c00000)
 Metaspace       used 71029K, capacity 73982K, committed 74136K, reserved 1114112K
  class space    used 9529K, capacity 10105K, committed 10152K, reserved 1048576K
}
Event: 48.123 GC heap before
{Heap before GC invocations=32 (full 3):
 PSYoungGen      total 482304K, used 455665K [0x00000000e0000000, 0x0000000100000000, 0x0000000100000000)
  eden space 440832K, 100% used [0x00000000e0000000,0x00000000fae80000,0x00000000fae80000)
  from space 41472K, 35% used [0x00000000fd580000,0x00000000fe3fc410,0x00000000ffe00000)
  to   space 39936K, 0% used [0x00000000fae80000,0x00000000fae80000,0x00000000fd580000)
 ParOldGen       total 143360K, used 81695K [0x00000000a0000000, 0x00000000a8c00000, 0x00000000e0000000)
  object space 143360K, 56% used [0x00000000a0000000,0x00000000a4fc7e38,0x00000000a8c00000)
 Metaspace       used 72919K, capacity 76020K, committed 76184K, reserved 1116160K
  class space    used 9737K, capacity 10360K, committed 10408K, reserved 1048576K
Event: 48.300 GC heap after
Heap after GC invocations=32 (full 3):
 PSYoungGen      total 480768K, used 39910K [0x00000000e0000000, 0x0000000100000000, 0x0000000100000000)
  eden space 440832K, 0% used [0x00000000e0000000,0x00000000e0000000,0x00000000fae80000)
  from space 39936K, 99% used [0x00000000fae80000,0x00000000fd5799f0,0x00000000fd580000)
  to   space 43520K, 0% used [0x00000000fd580000,0x00000000fd580000,0x0000000100000000)
 ParOldGen       total 143360K, used 131692K [0x00000000a0000000, 0x00000000a8c00000, 0x00000000e0000000)
  object space 143360K, 91% used [0x00000000a0000000,0x00000000a809b258,0x00000000a8c00000)
 Metaspace       used 72919K, capacity 76020K, committed 76184K, reserved 1116160K
  class space    used 9737K, capacity 10360K, committed 10408K, reserved 1048576K
}
Event: 48.300 GC heap before
{Heap before GC invocations=33 (full 4):
 PSYoungGen      total 480768K, used 39910K [0x00000000e0000000, 0x0000000100000000, 0x0000000100000000)
  eden space 440832K, 0% used [0x00000000e0000000,0x00000000e0000000,0x00000000fae80000)
  from space 39936K, 99% used [0x00000000fae80000,0x00000000fd5799f0,0x00000000fd580000)
  to   space 43520K, 0% used [0x00000000fd580000,0x00000000fd580000,0x0000000100000000)
 ParOldGen       total 143360K, used 131692K [0x00000000a0000000, 0x00000000a8c00000, 0x00000000e0000000)
  object space 143360K, 91% used [0x00000000a0000000,0x00000000a809b258,0x00000000a8c00000)
 Metaspace       used 72919K, capacity 76020K, committed 76184K, reserved 1116160K
  class space    used 9737K, capacity 10360K, committed 10408K, reserved 1048576K
Event: 49.173 GC heap after
Heap after GC invocations=33 (full 4):
 PSYoungGen      total 480768K, used 0K [0x00000000e0000000, 0x0000000100000000, 0x0000000100000000)
  eden space 440832K, 0% used [0x00000000e0000000,0x00000000e0000000,0x00000000fae80000)
  from space 39936K, 0% used [0x00000000fae80000,0x00000000fae80000,0x00000000fd580000)
  to   space 43520K, 0% used [0x00000000fd580000,0x00000000fd580000,0x0000000100000000)
 ParOldGen       total 301568K, used 135163K [0x00000000a0000000, 0x00000000b2680000, 0x00000000e0000000)
  object space 301568K, 44% used [0x00000000a0000000,0x00000000a83fed80,0x00000000b2680000)
 Metaspace       used 72788K, capacity 75672K, committed 76184K, reserved 1116160K
  class space    used 9694K, capacity 10284K, committed 10408K, reserved 1048576K
}

