# JRE version: OpenJDK Runtime Environment (8.0_202-b03) (build 1.8.0_202-release-1483-b03)
# Java VM: OpenJDK 64-Bit Server VM (25.202-b03 mixed mode windows-amd64 compressed oops)
Heap:
 PSYoungGen      total 390144K, used 365377K [0x00000000e0000000, 0x00000000fcd80000, 0x0000000100000000)
  eden space 312832K, 100% used [0x00000000e0000000,0x00000000f3180000,0x00000000f3180000)
  from space 77312K, 67% used [0x00000000f3180000,0x00000000f64d0478,0x00000000f7d00000)
  to   space 79360K, 33% used [0x00000000f7d00000,0x00000000f96b0098,0x00000000fca80000)
 ParOldGen       total 289792K, used 184496K [0x00000000a0000000, 0x00000000b1b00000, 0x00000000e0000000)
  object space 289792K, 63% used [0x00000000a0000000,0x00000000ab42c018,0x00000000b1b00000)
 Metaspace       used 87065K, capacity 90940K, committed 91160K, reserved 1128448K
  class space    used 11255K, capacity 11988K, committed 12072K, reserved 1048576K
GC Heap History (10 events):
Event: 369.604 GC heap before
{Heap before GC invocations=27 (full 4):
 PSYoungGen      total 311808K, used 300338K [0x00000000e0000000, 0x00000000fe980000, 0x0000000100000000)
  eden space 252416K, 100% used [0x00000000e0000000,0x00000000ef680000,0x00000000ef680000)
  from space 59392K, 80% used [0x00000000f4c80000,0x00000000f7b4ca40,0x00000000f8680000)
  to   space 88064K, 0% used [0x00000000ef680000,0x00000000ef680000,0x00000000f4c80000)
 ParOldGen       total 289792K, used 178328K [0x00000000a0000000, 0x00000000b1b00000, 0x00000000e0000000)
  object space 289792K, 61% used [0x00000000a0000000,0x00000000aae26008,0x00000000b1b00000)
 Metaspace       used 85794K, capacity 89324K, committed 89496K, reserved 1126400K
  class space    used 11155K, capacity 11856K, committed 11944K, reserved 1048576K
Event: 369.697 GC heap after
Heap after GC invocations=27 (full 4):
 PSYoungGen      total 340480K, used 42481K [0x00000000e0000000, 0x00000000fc400000, 0x0000000100000000)
  eden space 252416K, 0% used [0x00000000e0000000,0x00000000e0000000,0x00000000ef680000)
  from space 88064K, 48% used [0x00000000ef680000,0x00000000f1ffc550,0x00000000f4c80000)
  to   space 86016K, 0% used [0x00000000f7000000,0x00000000f7000000,0x00000000fc400000)
 ParOldGen       total 289792K, used 178336K [0x00000000a0000000, 0x00000000b1b00000, 0x00000000e0000000)
  object space 289792K, 61% used [0x00000000a0000000,0x00000000aae28008,0x00000000b1b00000)
 Metaspace       used 85794K, capacity 89324K, committed 89496K, reserved 1126400K
  class space    used 11155K, capacity 11856K, committed 11944K, reserved 1048576K
}
Event: 518.474 GC heap before
{Heap before GC invocations=28 (full 4):
 PSYoungGen      total 340480K, used 294897K [0x00000000e0000000, 0x00000000fc400000, 0x0000000100000000)
  eden space 252416K, 100% used [0x00000000e0000000,0x00000000ef680000,0x00000000ef680000)
  from space 88064K, 48% used [0x00000000ef680000,0x00000000f1ffc550,0x00000000f4c80000)
  to   space 86016K, 0% used [0x00000000f7000000,0x00000000f7000000,0x00000000fc400000)
 ParOldGen       total 289792K, used 178336K [0x00000000a0000000, 0x00000000b1b00000, 0x00000000e0000000)
  object space 289792K, 61% used [0x00000000a0000000,0x00000000aae28008,0x00000000b1b00000)
 Metaspace       used 86196K, capacity 89808K, committed 90008K, reserved 1128448K
  class space    used 11180K, capacity 11902K, committed 11944K, reserved 1048576K
Event: 518.533 GC heap after
Heap after GC invocations=28 (full 4):
 PSYoungGen      total 354304K, used 35456K [0x00000000e0000000, 0x00000000fb400000, 0x0000000100000000)
  eden space 284672K, 0% used [0x00000000e0000000,0x00000000e0000000,0x00000000f1600000)
  from space 69632K, 50% used [0x00000000f7000000,0x00000000f92a0088,0x00000000fb400000)
  to   space 80896K, 0% used [0x00000000f1600000,0x00000000f1600000,0x00000000f6500000)
 ParOldGen       total 289792K, used 178344K [0x00000000a0000000, 0x00000000b1b00000, 0x00000000e0000000)
  object space 289792K, 61% used [0x00000000a0000000,0x00000000aae2a008,0x00000000b1b00000)
 Metaspace       used 86196K, capacity 89808K, committed 90008K, reserved 1128448K
  class space    used 11180K, capacity 11902K, committed 11944K, reserved 1048576K
}
Event: 524.798 GC heap before
{Heap before GC invocations=29 (full 4):
 PSYoungGen      total 354304K, used 320128K [0x00000000e0000000, 0x00000000fb400000, 0x0000000100000000)
  eden space 284672K, 100% used [0x00000000e0000000,0x00000000f1600000,0x00000000f1600000)
  from space 69632K, 50% used [0x00000000f7000000,0x00000000f92a0088,0x00000000fb400000)
  to   space 80896K, 0% used [0x00000000f1600000,0x00000000f1600000,0x00000000f6500000)
 ParOldGen       total 289792K, used 178344K [0x00000000a0000000, 0x00000000b1b00000, 0x00000000e0000000)
  object space 289792K, 61% used [0x00000000a0000000,0x00000000aae2a008,0x00000000b1b00000)
 Metaspace       used 86736K, capacity 90590K, committed 90904K, reserved 1128448K
  class space    used 11232K, capacity 11945K, committed 12072K, reserved 1048576K
Event: 524.874 GC heap after
Heap after GC invocations=29 (full 4):
 PSYoungGen      total 365568K, used 43358K [0x00000000e0000000, 0x00000000fca80000, 0x0000000100000000)
  eden space 284672K, 0% used [0x00000000e0000000,0x00000000e0000000,0x00000000f1600000)
  from space 80896K, 53% used [0x00000000f1600000,0x00000000f4057910,0x00000000f6500000)
  to   space 79360K, 0% used [0x00000000f7d00000,0x00000000f7d00000,0x00000000fca80000)
 ParOldGen       total 289792K, used 178344K [0x00000000a0000000, 0x00000000b1b00000, 0x00000000e0000000)
  object space 289792K, 61% used [0x00000000a0000000,0x00000000aae2a008,0x00000000b1b00000)
 Metaspace       used 86736K, capacity 90590K, committed 90904K, reserved 1128448K
  class space    used 11232K, capacity 11945K, committed 12072K, reserved 1048576K
}
Event: 526.943 GC heap before
{Heap before GC invocations=30 (full 4):
 PSYoungGen      total 365568K, used 328030K [0x00000000e0000000, 0x00000000fca80000, 0x0000000100000000)
  eden space 284672K, 100% used [0x00000000e0000000,0x00000000f1600000,0x00000000f1600000)
  from space 80896K, 53% used [0x00000000f1600000,0x00000000f4057910,0x00000000f6500000)
  to   space 79360K, 0% used [0x00000000f7d00000,0x00000000f7d00000,0x00000000fca80000)
 ParOldGen       total 289792K, used 178344K [0x00000000a0000000, 0x00000000b1b00000, 0x00000000e0000000)
  object space 289792K, 61% used [0x00000000a0000000,0x00000000aae2a008,0x00000000b1b00000)
 Metaspace       used 86898K, capacity 90732K, committed 90904K, reserved 1128448K
  class space    used 11241K, capacity 11986K, committed 12072K, reserved 1048576K
Event: 527.024 GC heap after
Heap after GC invocations=30 (full 4):
 PSYoungGen      total 392192K, used 42835K [0x00000000e0000000, 0x00000000fcd80000, 0x0000000100000000)
  eden space 312832K, 0% used [0x00000000e0000000,0x00000000e0000000,0x00000000f3180000)
  from space 79360K, 53% used [0x00000000f7d00000,0x00000000fa6d4f20,0x00000000fca80000)
  to   space 77312K, 0% used [0x00000000f3180000,0x00000000f3180000,0x00000000f7d00000)
 ParOldGen       total 289792K, used 178352K [0x00000000a0000000, 0x00000000b1b00000, 0x00000000e0000000)
  object space 289792K, 61% used [0x00000000a0000000,0x00000000aae2c008,0x00000000b1b00000)
 Metaspace       used 86898K, capacity 90732K, committed 90904K, reserved 1128448K
  class space    used 11241K, capacity 11986K, committed 12072K, reserved 1048576K
}
Event: 528.316 GC heap before
{Heap before GC invocations=31 (full 4):
 PSYoungGen      total 392192K, used 355667K [0x00000000e0000000, 0x00000000fcd80000, 0x0000000100000000)
  eden space 312832K, 100% used [0x00000000e0000000,0x00000000f3180000,0x00000000f3180000)
  from space 79360K, 53% used [0x00000000f7d00000,0x00000000fa6d4f20,0x00000000fca80000)
  to   space 77312K, 0% used [0x00000000f3180000,0x00000000f3180000,0x00000000f7d00000)
 ParOldGen       total 289792K, used 178352K [0x00000000a0000000, 0x00000000b1b00000, 0x00000000e0000000)
  object space 289792K, 61% used [0x00000000a0000000,0x00000000aae2c008,0x00000000b1b00000)
 Metaspace       used 87037K, capacity 90872K, committed 91160K, reserved 1128448K
  class space    used 11255K, capacity 11988K, committed 12072K, reserved 1048576K
Event: 528.409 GC heap after
Heap after GC invocations=31 (full 4):
 PSYoungGen      total 390144K, used 52545K [0x00000000e0000000, 0x00000000fcd80000, 0x0000000100000000)
  eden space 312832K, 0% used [0x00000000e0000000,0x00000000e0000000,0x00000000f3180000)
  from space 77312K, 67% used [0x00000000f3180000,0x00000000f64d0478,0x00000000f7d00000)
  to   space 79360K, 0% used [0x00000000f7d00000,0x00000000f7d00000,0x00000000fca80000)
 ParOldGen       total 289792K, used 178352K [0x00000000a0000000, 0x00000000b1b00000, 0x00000000e0000000)
  object space 289792K, 61% used [0x00000000a0000000,0x00000000aae2c008,0x00000000b1b00000)
 Metaspace       used 87037K, capacity 90872K, committed 91160K, reserved 1128448K
  class space    used 11255K, capacity 11988K, committed 12072K, reserved 1048576K
}

