# JRE version: OpenJDK Runtime Environment (8.0_202-b03) (build 1.8.0_202-release-1483-b03)
# Java VM: OpenJDK 64-Bit Server VM (25.202-b03 mixed mode windows-amd64 compressed oops)
Heap:
 PSYoungGen      total 468480K, used 196134K [0x00000000e0000000, 0x00000000ffd00000, 0x0000000100000000)
  eden space 431104K, 40% used [0x00000000e0000000,0x00000000eaab91b8,0x00000000fa500000)
  from space 37376K, 57% used [0x00000000fa500000,0x00000000fb9d0800,0x00000000fc980000)
  to   space 36864K, 0% used [0x00000000fd900000,0x00000000fd900000,0x00000000ffd00000)
 ParOldGen       total 194560K, used 66549K [0x00000000a0000000, 0x00000000abe00000, 0x00000000e0000000)
  object space 194560K, 34% used [0x00000000a0000000,0x00000000a40fd500,0x00000000abe00000)
 Metaspace       used 101109K, capacity 105089K, committed 105408K, reserved 1140736K
  class space    used 12679K, capacity 13425K, committed 13544K, reserved 1048576K
GC Heap History (10 events):
Event: 2230.332 GC heap before
{Heap before GC invocations=37 (full 4):
 PSYoungGen      total 356864K, used 326813K [0x00000000e0000000, 0x00000000f8980000, 0x0000000100000000)
  eden space 309248K, 100% used [0x00000000e0000000,0x00000000f2e00000,0x00000000f2e00000)
  from space 47616K, 36% used [0x00000000f5b00000,0x00000000f6c27738,0x00000000f8980000)
  to   space 46080K, 0% used [0x00000000f2e00000,0x00000000f2e00000,0x00000000f5b00000)
 ParOldGen       total 194560K, used 63801K [0x00000000a0000000, 0x00000000abe00000, 0x00000000e0000000)
  object space 194560K, 32% used [0x00000000a0000000,0x00000000a3e4e4b0,0x00000000abe00000)
 Metaspace       used 100926K, capacity 104857K, committed 105152K, reserved 1140736K
  class space    used 12677K, capacity 13421K, committed 13544K, reserved 1048576K
Event: 2230.384 GC heap after
Heap after GC invocations=37 (full 4):
 PSYoungGen      total 355328K, used 20480K [0x00000000e0000000, 0x00000000fb880000, 0x0000000100000000)
  eden space 309248K, 0% used [0x00000000e0000000,0x00000000e0000000,0x00000000f2e00000)
  from space 46080K, 44% used [0x00000000f2e00000,0x00000000f42001c0,0x00000000f5b00000)
  to   space 44032K, 0% used [0x00000000f8d80000,0x00000000f8d80000,0x00000000fb880000)
 ParOldGen       total 194560K, used 63801K [0x00000000a0000000, 0x00000000abe00000, 0x00000000e0000000)
  object space 194560K, 32% used [0x00000000a0000000,0x00000000a3e4e4b0,0x00000000abe00000)
 Metaspace       used 100926K, capacity 104857K, committed 105152K, reserved 1140736K
  class space    used 12677K, capacity 13421K, committed 13544K, reserved 1048576K
}
Event: 2232.079 GC heap before
{Heap before GC invocations=38 (full 4):
 PSYoungGen      total 355328K, used 329728K [0x00000000e0000000, 0x00000000fb880000, 0x0000000100000000)
  eden space 309248K, 100% used [0x00000000e0000000,0x00000000f2e00000,0x00000000f2e00000)
  from space 46080K, 44% used [0x00000000f2e00000,0x00000000f42001c0,0x00000000f5b00000)
  to   space 44032K, 0% used [0x00000000f8d80000,0x00000000f8d80000,0x00000000fb880000)
 ParOldGen       total 194560K, used 63801K [0x00000000a0000000, 0x00000000abe00000, 0x00000000e0000000)
  object space 194560K, 32% used [0x00000000a0000000,0x00000000a3e4e4b0,0x00000000abe00000)
 Metaspace       used 100995K, capacity 104861K, committed 105152K, reserved 1140736K
  class space    used 12677K, capacity 13421K, committed 13544K, reserved 1048576K
Event: 2232.131 GC heap after
Heap after GC invocations=38 (full 4):
 PSYoungGen      total 404992K, used 18585K [0x00000000e0000000, 0x00000000fb500000, 0x0000000100000000)
  eden space 364544K, 0% used [0x00000000e0000000,0x00000000e0000000,0x00000000f6400000)
  from space 40448K, 45% used [0x00000000f8d80000,0x00000000f9fa6658,0x00000000fb500000)
  to   space 41472K, 0% used [0x00000000f6400000,0x00000000f6400000,0x00000000f8c80000)
 ParOldGen       total 194560K, used 63809K [0x00000000a0000000, 0x00000000abe00000, 0x00000000e0000000)
  object space 194560K, 32% used [0x00000000a0000000,0x00000000a3e504b0,0x00000000abe00000)
 Metaspace       used 100995K, capacity 104861K, committed 105152K, reserved 1140736K
  class space    used 12677K, capacity 13421K, committed 13544K, reserved 1048576K
}
Event: 2234.376 GC heap before
{Heap before GC invocations=39 (full 4):
 PSYoungGen      total 404992K, used 383129K [0x00000000e0000000, 0x00000000fb500000, 0x0000000100000000)
  eden space 364544K, 100% used [0x00000000e0000000,0x00000000f6400000,0x00000000f6400000)
  from space 40448K, 45% used [0x00000000f8d80000,0x00000000f9fa6658,0x00000000fb500000)
  to   space 41472K, 0% used [0x00000000f6400000,0x00000000f6400000,0x00000000f8c80000)
 ParOldGen       total 194560K, used 63809K [0x00000000a0000000, 0x00000000abe00000, 0x00000000e0000000)
  object space 194560K, 32% used [0x00000000a0000000,0x00000000a3e504b0,0x00000000abe00000)
 Metaspace       used 101029K, capacity 104935K, committed 105152K, reserved 1140736K
  class space    used 12677K, capacity 13422K, committed 13544K, reserved 1048576K
Event: 2234.430 GC heap after
Heap after GC invocations=39 (full 4):
 PSYoungGen      total 406016K, used 18787K [0x00000000e0000000, 0x00000000ff000000, 0x0000000100000000)
  eden space 364544K, 0% used [0x00000000e0000000,0x00000000e0000000,0x00000000f6400000)
  from space 41472K, 45% used [0x00000000f6400000,0x00000000f7658fc0,0x00000000f8c80000)
  to   space 39424K, 0% used [0x00000000fc980000,0x00000000fc980000,0x00000000ff000000)
 ParOldGen       total 194560K, used 63809K [0x00000000a0000000, 0x00000000abe00000, 0x00000000e0000000)
  object space 194560K, 32% used [0x00000000a0000000,0x00000000a3e504b0,0x00000000abe00000)
 Metaspace       used 101029K, capacity 104935K, committed 105152K, reserved 1140736K
  class space    used 12677K, capacity 13422K, committed 13544K, reserved 1048576K
}
Event: 2236.742 GC heap before
{Heap before GC invocations=40 (full 4):
 PSYoungGen      total 406016K, used 383331K [0x00000000e0000000, 0x00000000ff000000, 0x0000000100000000)
  eden space 364544K, 100% used [0x00000000e0000000,0x00000000f6400000,0x00000000f6400000)
  from space 41472K, 45% used [0x00000000f6400000,0x00000000f7658fc0,0x00000000f8c80000)
  to   space 39424K, 0% used [0x00000000fc980000,0x00000000fc980000,0x00000000ff000000)
 ParOldGen       total 194560K, used 63809K [0x00000000a0000000, 0x00000000abe00000, 0x00000000e0000000)
  object space 194560K, 32% used [0x00000000a0000000,0x00000000a3e504b0,0x00000000abe00000)
 Metaspace       used 101064K, capacity 105003K, committed 105152K, reserved 1140736K
  class space    used 12677K, capacity 13422K, committed 13544K, reserved 1048576K
Event: 2236.867 GC heap after
Heap after GC invocations=40 (full 4):
 PSYoungGen      total 470528K, used 17835K [0x00000000e0000000, 0x00000000ff100000, 0x0000000100000000)
  eden space 431104K, 0% used [0x00000000e0000000,0x00000000e0000000,0x00000000fa500000)
  from space 39424K, 45% used [0x00000000fc980000,0x00000000fdaeafc8,0x00000000ff000000)
  to   space 37376K, 0% used [0x00000000fa500000,0x00000000fa500000,0x00000000fc980000)
 ParOldGen       total 194560K, used 63809K [0x00000000a0000000, 0x00000000abe00000, 0x00000000e0000000)
  object space 194560K, 32% used [0x00000000a0000000,0x00000000a3e504b0,0x00000000abe00000)
 Metaspace       used 101064K, capacity 105003K, committed 105152K, reserved 1140736K
  class space    used 12677K, capacity 13422K, committed 13544K, reserved 1048576K
}
Event: 2239.477 GC heap before
{Heap before GC invocations=41 (full 4):
 PSYoungGen      total 470528K, used 448939K [0x00000000e0000000, 0x00000000ff100000, 0x0000000100000000)
  eden space 431104K, 100% used [0x00000000e0000000,0x00000000fa500000,0x00000000fa500000)
  from space 39424K, 45% used [0x00000000fc980000,0x00000000fdaeafc8,0x00000000ff000000)
  to   space 37376K, 0% used [0x00000000fa500000,0x00000000fa500000,0x00000000fc980000)
 ParOldGen       total 194560K, used 63809K [0x00000000a0000000, 0x00000000abe00000, 0x00000000e0000000)
  object space 194560K, 32% used [0x00000000a0000000,0x00000000a3e504b0,0x00000000abe00000)
 Metaspace       used 101095K, capacity 105089K, committed 105408K, reserved 1140736K
  class space    used 12679K, capacity 13425K, committed 13544K, reserved 1048576K
Event: 2239.553 GC heap after
Heap after GC invocations=41 (full 4):
 PSYoungGen      total 468480K, used 21314K [0x00000000e0000000, 0x00000000ffd00000, 0x0000000100000000)
  eden space 431104K, 0% used [0x00000000e0000000,0x00000000e0000000,0x00000000fa500000)
  from space 37376K, 57% used [0x00000000fa500000,0x00000000fb9d0800,0x00000000fc980000)
  to   space 36864K, 0% used [0x00000000fd900000,0x00000000fd900000,0x00000000ffd00000)
 ParOldGen       total 194560K, used 66549K [0x00000000a0000000, 0x00000000abe00000, 0x00000000e0000000)
  object space 194560K, 34% used [0x00000000a0000000,0x00000000a40fd500,0x00000000abe00000)
 Metaspace       used 101095K, capacity 105089K, committed 105408K, reserved 1140736K
  class space    used 12679K, capacity 13425K, committed 13544K, reserved 1048576K
}

