# JRE version: OpenJDK Runtime Environment (8.0_202-b03) (build 1.8.0_202-release-1483-b03)
# Java VM: OpenJDK 64-Bit Server VM (25.202-b03 mixed mode windows-amd64 compressed oops)
Heap:
 PSYoungGen      total 497152K, used 202786K [0x00000000e0000000, 0x00000000ffe00000, 0x0000000100000000)
  eden space 471040K, 40% used [0x00000000e0000000,0x00000000ebaa8cf8,0x00000000fcc00000)
  from space 26112K, 44% used [0x00000000fcc00000,0x00000000fd75fe38,0x00000000fe580000)
  to   space 24576K, 0% used [0x00000000fe600000,0x00000000fe600000,0x00000000ffe00000)
 ParOldGen       total 117760K, used 64307K [0x00000000a0000000, 0x00000000a7300000, 0x00000000e0000000)
  object space 117760K, 54% used [0x00000000a0000000,0x00000000a3eccfe8,0x00000000a7300000)
 Metaspace       used 80989K, capacity 83892K, committed 84264K, reserved 1122304K
  class space    used 10565K, capacity 11168K, committed 11304K, reserved 1048576K
GC Heap History (10 events):
Event: 58.970 GC heap before
{Heap before GC invocations=31 (full 3):
 PSYoungGen      total 399360K, used 377657K [0x00000000e0000000, 0x00000000fdd80000, 0x0000000100000000)
  eden space 370688K, 100% used [0x00000000e0000000,0x00000000f6a00000,0x00000000f6a00000)
  from space 28672K, 24% used [0x00000000f6a00000,0x00000000f70ce6b0,0x00000000f8600000)
  to   space 28160K, 0% used [0x00000000fc200000,0x00000000fc200000,0x00000000fdd80000)
 ParOldGen       total 117760K, used 93496K [0x00000000a0000000, 0x00000000a7300000, 0x00000000e0000000)
  object space 117760K, 79% used [0x00000000a0000000,0x00000000a5b4e140,0x00000000a7300000)
 Metaspace       used 81041K, capacity 84176K, committed 84264K, reserved 1122304K
  class space    used 10598K, capacity 11230K, committed 11304K, reserved 1048576K
Event: 59.009 GC heap after
Heap after GC invocations=31 (full 3):
 PSYoungGen      total 455680K, used 10126K [0x00000000e0000000, 0x00000000fda00000, 0x0000000100000000)
  eden space 431104K, 0% used [0x00000000e0000000,0x00000000e0000000,0x00000000fa500000)
  from space 24576K, 41% used [0x00000000fc200000,0x00000000fcbe3a70,0x00000000fda00000)
  to   space 27136K, 0% used [0x00000000fa500000,0x00000000fa500000,0x00000000fbf80000)
 ParOldGen       total 117760K, used 98626K [0x00000000a0000000, 0x00000000a7300000, 0x00000000e0000000)
  object space 117760K, 83% used [0x00000000a0000000,0x00000000a60509d8,0x00000000a7300000)
 Metaspace       used 81041K, capacity 84176K, committed 84264K, reserved 1122304K
  class space    used 10598K, capacity 11230K, committed 11304K, reserved 1048576K
}
Event: 61.391 GC heap before
{Heap before GC invocations=32 (full 3):
 PSYoungGen      total 455680K, used 441230K [0x00000000e0000000, 0x00000000fda00000, 0x0000000100000000)
  eden space 431104K, 100% used [0x00000000e0000000,0x00000000fa500000,0x00000000fa500000)
  from space 24576K, 41% used [0x00000000fc200000,0x00000000fcbe3a70,0x00000000fda00000)
  to   space 27136K, 0% used [0x00000000fa500000,0x00000000fa500000,0x00000000fbf80000)
 ParOldGen       total 117760K, used 98626K [0x00000000a0000000, 0x00000000a7300000, 0x00000000e0000000)
  object space 117760K, 83% used [0x00000000a0000000,0x00000000a60509d8,0x00000000a7300000)
 Metaspace       used 81071K, capacity 84182K, committed 84264K, reserved 1122304K
  class space    used 10599K, capacity 11231K, committed 11304K, reserved 1048576K
Event: 61.431 GC heap after
Heap after GC invocations=32 (full 3):
 PSYoungGen      total 458240K, used 7118K [0x00000000e0000000, 0x0000000100000000, 0x0000000100000000)
  eden space 431104K, 0% used [0x00000000e0000000,0x00000000e0000000,0x00000000fa500000)
  from space 27136K, 26% used [0x00000000fa500000,0x00000000fabf3a70,0x00000000fbf80000)
  to   space 26112K, 0% used [0x00000000fe680000,0x00000000fe680000,0x0000000100000000)
 ParOldGen       total 117760K, used 105536K [0x00000000a0000000, 0x00000000a7300000, 0x00000000e0000000)
  object space 117760K, 89% used [0x00000000a0000000,0x00000000a67100c8,0x00000000a7300000)
 Metaspace       used 81071K, capacity 84182K, committed 84264K, reserved 1122304K
  class space    used 10599K, capacity 11231K, committed 11304K, reserved 1048576K
}
Event: 64.253 GC heap before
{Heap before GC invocations=33 (full 3):
 PSYoungGen      total 458240K, used 438222K [0x00000000e0000000, 0x0000000100000000, 0x0000000100000000)
  eden space 431104K, 100% used [0x00000000e0000000,0x00000000fa500000,0x00000000fa500000)
  from space 27136K, 26% used [0x00000000fa500000,0x00000000fabf3a70,0x00000000fbf80000)
  to   space 26112K, 0% used [0x00000000fe680000,0x00000000fe680000,0x0000000100000000)
 ParOldGen       total 117760K, used 105536K [0x00000000a0000000, 0x00000000a7300000, 0x00000000e0000000)
  object space 117760K, 89% used [0x00000000a0000000,0x00000000a67100c8,0x00000000a7300000)
 Metaspace       used 81092K, capacity 84186K, committed 84264K, reserved 1122304K
  class space    used 10599K, capacity 11231K, committed 11304K, reserved 1048576K
Event: 64.309 GC heap after
Heap after GC invocations=33 (full 3):
 PSYoungGen      total 496128K, used 5851K [0x00000000e0000000, 0x00000000fff00000, 0x0000000100000000)
  eden space 471040K, 0% used [0x00000000e0000000,0x00000000e0000000,0x00000000fcc00000)
  from space 25088K, 23% used [0x00000000fe680000,0x00000000fec36d20,0x00000000fff00000)
  to   space 26112K, 0% used [0x00000000fcc00000,0x00000000fcc00000,0x00000000fe580000)
 ParOldGen       total 117760K, used 110463K [0x00000000a0000000, 0x00000000a7300000, 0x00000000e0000000)
  object space 117760K, 93% used [0x00000000a0000000,0x00000000a6bdfc80,0x00000000a7300000)
 Metaspace       used 81092K, capacity 84186K, committed 84264K, reserved 1122304K
  class space    used 10599K, capacity 11231K, committed 11304K, reserved 1048576K
}
Event: 64.309 GC heap before
{Heap before GC invocations=34 (full 4):
 PSYoungGen      total 496128K, used 5851K [0x00000000e0000000, 0x00000000fff00000, 0x0000000100000000)
  eden space 471040K, 0% used [0x00000000e0000000,0x00000000e0000000,0x00000000fcc00000)
  from space 25088K, 23% used [0x00000000fe680000,0x00000000fec36d20,0x00000000fff00000)
  to   space 26112K, 0% used [0x00000000fcc00000,0x00000000fcc00000,0x00000000fe580000)
 ParOldGen       total 117760K, used 110463K [0x00000000a0000000, 0x00000000a7300000, 0x00000000e0000000)
  object space 117760K, 93% used [0x00000000a0000000,0x00000000a6bdfc80,0x00000000a7300000)
 Metaspace       used 81092K, capacity 84186K, committed 84264K, reserved 1122304K
  class space    used 10599K, capacity 11231K, committed 11304K, reserved 1048576K
Event: 64.742 GC heap after
Heap after GC invocations=34 (full 4):
 PSYoungGen      total 496128K, used 0K [0x00000000e0000000, 0x00000000fff00000, 0x0000000100000000)
  eden space 471040K, 0% used [0x00000000e0000000,0x00000000e0000000,0x00000000fcc00000)
  from space 25088K, 0% used [0x00000000fe680000,0x00000000fe680000,0x00000000fff00000)
  to   space 26112K, 0% used [0x00000000fcc00000,0x00000000fcc00000,0x00000000fe580000)
 ParOldGen       total 117760K, used 64307K [0x00000000a0000000, 0x00000000a7300000, 0x00000000e0000000)
  object space 117760K, 54% used [0x00000000a0000000,0x00000000a3eccfe8,0x00000000a7300000)
 Metaspace       used 80985K, capacity 83892K, committed 84264K, reserved 1122304K
  class space    used 10563K, capacity 11168K, committed 11304K, reserved 1048576K
}
Event: 67.294 GC heap before
{Heap before GC invocations=35 (full 4):
 PSYoungGen      total 496128K, used 471040K [0x00000000e0000000, 0x00000000fff00000, 0x0000000100000000)
  eden space 471040K, 100% used [0x00000000e0000000,0x00000000fcc00000,0x00000000fcc00000)
  from space 25088K, 0% used [0x00000000fe680000,0x00000000fe680000,0x00000000fff00000)
  to   space 26112K, 0% used [0x00000000fcc00000,0x00000000fcc00000,0x00000000fe580000)
 ParOldGen       total 117760K, used 64307K [0x00000000a0000000, 0x00000000a7300000, 0x00000000e0000000)
  object space 117760K, 54% used [0x00000000a0000000,0x00000000a3eccfe8,0x00000000a7300000)
 Metaspace       used 80986K, capacity 83892K, committed 84264K, reserved 1122304K
  class space    used 10563K, capacity 11168K, committed 11304K, reserved 1048576K
Event: 67.358 GC heap after
Heap after GC invocations=35 (full 4):
 PSYoungGen      total 497152K, used 11647K [0x00000000e0000000, 0x00000000ffe00000, 0x0000000100000000)
  eden space 471040K, 0% used [0x00000000e0000000,0x00000000e0000000,0x00000000fcc00000)
  from space 26112K, 44% used [0x00000000fcc00000,0x00000000fd75fe38,0x00000000fe580000)
  to   space 24576K, 0% used [0x00000000fe600000,0x00000000fe600000,0x00000000ffe00000)
 ParOldGen       total 117760K, used 64307K [0x00000000a0000000, 0x00000000a7300000, 0x00000000e0000000)
  object space 117760K, 54% used [0x00000000a0000000,0x00000000a3eccfe8,0x00000000a7300000)
 Metaspace       used 80986K, capacity 83892K, committed 84264K, reserved 1122304K
  class space    used 10563K, capacity 11168K, committed 11304K, reserved 1048576K
}

