# JRE version: OpenJDK Runtime Environment (8.0_202-b03) (build 1.8.0_202-release-1483-b03)
# Java VM: OpenJDK 64-Bit Server VM (25.202-b03 mixed mode windows-amd64 compressed oops)
Heap:
 PSYoungGen      total 486912K, used 344711K [0x00000000e0000000, 0x0000000100000000, 0x0000000100000000)
  eden space 449536K, 71% used [0x00000000e0000000,0x00000000f392ff30,0x00000000fb700000)
  from space 37376K, 64% used [0x00000000fdb80000,0x00000000ff2f1cf8,0x0000000100000000)
  to   space 37376K, 0% used [0x00000000fb700000,0x00000000fb700000,0x00000000fdb80000)
 ParOldGen       total 125952K, used 81624K [0x00000000a0000000, 0x00000000a7b00000, 0x00000000e0000000)
  object space 125952K, 64% used [0x00000000a0000000,0x00000000a4fb6138,0x00000000a7b00000)
 Metaspace       used 77401K, capacity 80348K, committed 80472K, reserved 1120256K
  class space    used 10007K, capacity 10614K, committed 10624K, reserved 1048576K
GC Heap History (10 events):
Event: 151.779 GC heap before
{Heap before GC invocations=29 (full 3):
 PSYoungGen      total 455168K, used 443194K [0x00000000e0000000, 0x0000000100000000, 0x0000000100000000)
  eden space 420864K, 100% used [0x00000000e0000000,0x00000000f9b00000,0x00000000f9b00000)
  from space 34304K, 65% used [0x00000000f9b00000,0x00000000fb0cea40,0x00000000fbc80000)
  to   space 34816K, 0% used [0x00000000fde00000,0x00000000fde00000,0x0000000100000000)
 ParOldGen       total 125952K, used 72193K [0x00000000a0000000, 0x00000000a7b00000, 0x00000000e0000000)
  object space 125952K, 57% used [0x00000000a0000000,0x00000000a4680678,0x00000000a7b00000)
 Metaspace       used 77113K, capacity 80084K, committed 80216K, reserved 1118208K
  class space    used 9984K, capacity 10576K, committed 10624K, reserved 1048576K
Event: 151.824 GC heap after
Heap after GC invocations=29 (full 3):
 PSYoungGen      total 488448K, used 11387K [0x00000000e0000000, 0x00000000ffe80000, 0x0000000100000000)
  eden space 455168K, 0% used [0x00000000e0000000,0x00000000e0000000,0x00000000fbc80000)
  from space 33280K, 34% used [0x00000000fde00000,0x00000000fe91ed88,0x00000000ffe80000)
  to   space 33792K, 0% used [0x00000000fbc80000,0x00000000fbc80000,0x00000000fdd80000)
 ParOldGen       total 125952K, used 79496K [0x00000000a0000000, 0x00000000a7b00000, 0x00000000e0000000)
  object space 125952K, 63% used [0x00000000a0000000,0x00000000a4da2128,0x00000000a7b00000)
 Metaspace       used 77113K, capacity 80084K, committed 80216K, reserved 1118208K
  class space    used 9984K, capacity 10576K, committed 10624K, reserved 1048576K
}
Event: 154.066 GC heap before
{Heap before GC invocations=30 (full 3):
 PSYoungGen      total 488448K, used 466555K [0x00000000e0000000, 0x00000000ffe80000, 0x0000000100000000)
  eden space 455168K, 100% used [0x00000000e0000000,0x00000000fbc80000,0x00000000fbc80000)
  from space 33280K, 34% used [0x00000000fde00000,0x00000000fe91ed88,0x00000000ffe80000)
  to   space 33792K, 0% used [0x00000000fbc80000,0x00000000fbc80000,0x00000000fdd80000)
 ParOldGen       total 125952K, used 79496K [0x00000000a0000000, 0x00000000a7b00000, 0x00000000e0000000)
  object space 125952K, 63% used [0x00000000a0000000,0x00000000a4da2128,0x00000000a7b00000)
 Metaspace       used 77158K, capacity 80096K, committed 80216K, reserved 1118208K
  class space    used 9985K, capacity 10578K, committed 10624K, reserved 1048576K
Event: 154.142 GC heap after
Heap after GC invocations=30 (full 3):
 PSYoungGen      total 488960K, used 18243K [0x00000000e0000000, 0x00000000ffe80000, 0x0000000100000000)
  eden space 455168K, 0% used [0x00000000e0000000,0x00000000e0000000,0x00000000fbc80000)
  from space 33792K, 53% used [0x00000000fbc80000,0x00000000fce50e88,0x00000000fdd80000)
  to   space 32768K, 0% used [0x00000000fde80000,0x00000000fde80000,0x00000000ffe80000)
 ParOldGen       total 125952K, used 81296K [0x00000000a0000000, 0x00000000a7b00000, 0x00000000e0000000)
  object space 125952K, 64% used [0x00000000a0000000,0x00000000a4f64138,0x00000000a7b00000)
 Metaspace       used 77158K, capacity 80096K, committed 80216K, reserved 1118208K
  class space    used 9985K, capacity 10578K, committed 10624K, reserved 1048576K
}
Event: 155.308 GC heap before
{Heap before GC invocations=31 (full 3):
 PSYoungGen      total 488960K, used 473411K [0x00000000e0000000, 0x00000000ffe80000, 0x0000000100000000)
  eden space 455168K, 100% used [0x00000000e0000000,0x00000000fbc80000,0x00000000fbc80000)
  from space 33792K, 53% used [0x00000000fbc80000,0x00000000fce50e88,0x00000000fdd80000)
  to   space 32768K, 0% used [0x00000000fde80000,0x00000000fde80000,0x00000000ffe80000)
 ParOldGen       total 125952K, used 81296K [0x00000000a0000000, 0x00000000a7b00000, 0x00000000e0000000)
  object space 125952K, 64% used [0x00000000a0000000,0x00000000a4f64138,0x00000000a7b00000)
 Metaspace       used 77169K, capacity 80100K, committed 80216K, reserved 1118208K
  class space    used 9985K, capacity 10578K, committed 10624K, reserved 1048576K
Event: 155.349 GC heap after
Heap after GC invocations=31 (full 3):
 PSYoungGen      total 488448K, used 24995K [0x00000000e0000000, 0x0000000100000000, 0x0000000100000000)
  eden space 455680K, 0% used [0x00000000e0000000,0x00000000e0000000,0x00000000fbd00000)
  from space 32768K, 76% used [0x00000000fde80000,0x00000000ff6e8fb8,0x00000000ffe80000)
  to   space 34304K, 0% used [0x00000000fbd00000,0x00000000fbd00000,0x00000000fde80000)
 ParOldGen       total 125952K, used 81440K [0x00000000a0000000, 0x00000000a7b00000, 0x00000000e0000000)
  object space 125952K, 64% used [0x00000000a0000000,0x00000000a4f88138,0x00000000a7b00000)
 Metaspace       used 77169K, capacity 80100K, committed 80216K, reserved 1118208K
  class space    used 9985K, capacity 10578K, committed 10624K, reserved 1048576K
}
Event: 157.055 GC heap before
{Heap before GC invocations=32 (full 3):
 PSYoungGen      total 488448K, used 480675K [0x00000000e0000000, 0x0000000100000000, 0x0000000100000000)
  eden space 455680K, 100% used [0x00000000e0000000,0x00000000fbd00000,0x00000000fbd00000)
  from space 32768K, 76% used [0x00000000fde80000,0x00000000ff6e8fb8,0x00000000ffe80000)
  to   space 34304K, 0% used [0x00000000fbd00000,0x00000000fbd00000,0x00000000fde80000)
 ParOldGen       total 125952K, used 81440K [0x00000000a0000000, 0x00000000a7b00000, 0x00000000e0000000)
  object space 125952K, 64% used [0x00000000a0000000,0x00000000a4f88138,0x00000000a7b00000)
 Metaspace       used 77178K, capacity 80100K, committed 80216K, reserved 1118208K
  class space    used 9985K, capacity 10578K, committed 10624K, reserved 1048576K
Event: 157.109 GC heap after
Heap after GC invocations=32 (full 3):
 PSYoungGen      total 485888K, used 29893K [0x00000000e0000000, 0x0000000100000000, 0x0000000100000000)
  eden space 455680K, 0% used [0x00000000e0000000,0x00000000e0000000,0x00000000fbd00000)
  from space 30208K, 98% used [0x00000000fbd00000,0x00000000fda31410,0x00000000fda80000)
  to   space 37376K, 0% used [0x00000000fdb80000,0x00000000fdb80000,0x0000000100000000)
 ParOldGen       total 125952K, used 81528K [0x00000000a0000000, 0x00000000a7b00000, 0x00000000e0000000)
  object space 125952K, 64% used [0x00000000a0000000,0x00000000a4f9e138,0x00000000a7b00000)
 Metaspace       used 77178K, capacity 80100K, committed 80216K, reserved 1118208K
  class space    used 9985K, capacity 10578K, committed 10624K, reserved 1048576K
}
Event: 159.285 GC heap before
{Heap before GC invocations=33 (full 3):
 PSYoungGen      total 485888K, used 485573K [0x00000000e0000000, 0x0000000100000000, 0x0000000100000000)
  eden space 455680K, 100% used [0x00000000e0000000,0x00000000fbd00000,0x00000000fbd00000)
  from space 30208K, 98% used [0x00000000fbd00000,0x00000000fda31410,0x00000000fda80000)
  to   space 37376K, 0% used [0x00000000fdb80000,0x00000000fdb80000,0x0000000100000000)
 ParOldGen       total 125952K, used 81528K [0x00000000a0000000, 0x00000000a7b00000, 0x00000000e0000000)
  object space 125952K, 64% used [0x00000000a0000000,0x00000000a4f9e138,0x00000000a7b00000)
 Metaspace       used 77197K, capacity 80100K, committed 80216K, reserved 1118208K
  class space    used 9985K, capacity 10578K, committed 10624K, reserved 1048576K
Event: 159.314 GC heap after
Heap after GC invocations=33 (full 3):
 PSYoungGen      total 486912K, used 24007K [0x00000000e0000000, 0x0000000100000000, 0x0000000100000000)
  eden space 449536K, 0% used [0x00000000e0000000,0x00000000e0000000,0x00000000fb700000)
  from space 37376K, 64% used [0x00000000fdb80000,0x00000000ff2f1cf8,0x0000000100000000)
  to   space 37376K, 0% used [0x00000000fb700000,0x00000000fb700000,0x00000000fdb80000)
 ParOldGen       total 125952K, used 81624K [0x00000000a0000000, 0x00000000a7b00000, 0x00000000e0000000)
  object space 125952K, 64% used [0x00000000a0000000,0x00000000a4fb6138,0x00000000a7b00000)
 Metaspace       used 77197K, capacity 80100K, committed 80216K, reserved 1118208K
  class space    used 9985K, capacity 10578K, committed 10624K, reserved 1048576K
}

