# JRE version: OpenJDK Runtime Environment (8.0_202-b03) (build 1.8.0_202-release-1483-b03)
# Java VM: OpenJDK 64-Bit Server VM (25.202-b03 mixed mode windows-amd64 compressed oops)
Heap:
 PSYoungGen      total 449024K, used 44734K [0x00000000e0000000, 0x00000000ffc80000, 0x0000000100000000)
  eden space 425472K, 4% used [0x00000000e0000000,0x00000000e14b4028,0x00000000f9f80000)
  from space 23552K, 99% used [0x00000000f9f80000,0x00000000fb67ba40,0x00000000fb680000)
  to   space 47104K, 0% used [0x00000000fce80000,0x00000000fce80000,0x00000000ffc80000)
 ParOldGen       total 130048K, used 100385K [0x00000000a0000000, 0x00000000a7f00000, 0x00000000e0000000)
  object space 130048K, 77% used [0x00000000a0000000,0x00000000a62086e0,0x00000000a7f00000)
 Metaspace       used 89599K, capacity 94498K, committed 94632K, reserved 1132544K
  class space    used 11471K, capacity 12361K, committed 12456K, reserved 1048576K
GC Heap History (10 events):
Event: 2342.125 GC heap after
Heap after GC invocations=43 (full 3):
 PSYoungGen      total 469504K, used 30834K [0x00000000e0000000, 0x00000000ffe00000, 0x0000000100000000)
  eden space 417792K, 0% used [0x00000000e0000000,0x00000000e0000000,0x00000000f9800000)
  from space 51712K, 59% used [0x00000000fcb80000,0x00000000fe99c9c0,0x00000000ffe00000)
  to   space 52224K, 0% used [0x00000000f9800000,0x00000000f9800000,0x00000000fcb00000)
 ParOldGen       total 130048K, used 87827K [0x00000000a0000000, 0x00000000a7f00000, 0x00000000e0000000)
  object space 130048K, 67% used [0x00000000a0000000,0x00000000a55c4c90,0x00000000a7f00000)
 Metaspace       used 89557K, capacity 94434K, committed 94632K, reserved 1132544K
  class space    used 11469K, capacity 12361K, committed 12456K, reserved 1048576K
}
Event: 2343.336 GC heap before
{Heap before GC invocations=44 (full 3):
 PSYoungGen      total 469504K, used 448626K [0x00000000e0000000, 0x00000000ffe00000, 0x0000000100000000)
  eden space 417792K, 100% used [0x00000000e0000000,0x00000000f9800000,0x00000000f9800000)
  from space 51712K, 59% used [0x00000000fcb80000,0x00000000fe99c9c0,0x00000000ffe00000)
  to   space 52224K, 0% used [0x00000000f9800000,0x00000000f9800000,0x00000000fcb00000)
 ParOldGen       total 130048K, used 87827K [0x00000000a0000000, 0x00000000a7f00000, 0x00000000e0000000)
  object space 130048K, 67% used [0x00000000a0000000,0x00000000a55c4c90,0x00000000a7f00000)
 Metaspace       used 89565K, capacity 94434K, committed 94632K, reserved 1132544K
  class space    used 11470K, capacity 12361K, committed 12456K, reserved 1048576K
Event: 2343.375 GC heap after
Heap after GC invocations=44 (full 3):
 PSYoungGen      total 470016K, used 19338K [0x00000000e0000000, 0x00000000ffe80000, 0x0000000100000000)
  eden space 417792K, 0% used [0x00000000e0000000,0x00000000e0000000,0x00000000f9800000)
  from space 52224K, 37% used [0x00000000f9800000,0x00000000faae29f0,0x00000000fcb00000)
  to   space 51200K, 0% used [0x00000000fcc80000,0x00000000fcc80000,0x00000000ffe80000)
 ParOldGen       total 130048K, used 99742K [0x00000000a0000000, 0x00000000a7f00000, 0x00000000e0000000)
  object space 130048K, 76% used [0x00000000a0000000,0x00000000a6167990,0x00000000a7f00000)
 Metaspace       used 89565K, capacity 94434K, committed 94632K, reserved 1132544K
  class space    used 11470K, capacity 12361K, committed 12456K, reserved 1048576K
}
Event: 2344.823 GC heap before
{Heap before GC invocations=45 (full 3):
 PSYoungGen      total 470016K, used 437130K [0x00000000e0000000, 0x00000000ffe80000, 0x0000000100000000)
  eden space 417792K, 100% used [0x00000000e0000000,0x00000000f9800000,0x00000000f9800000)
  from space 52224K, 37% used [0x00000000f9800000,0x00000000faae29f0,0x00000000fcb00000)
  to   space 51200K, 0% used [0x00000000fcc80000,0x00000000fcc80000,0x00000000ffe80000)
 ParOldGen       total 130048K, used 99742K [0x00000000a0000000, 0x00000000a7f00000, 0x00000000e0000000)
  object space 130048K, 76% used [0x00000000a0000000,0x00000000a6167990,0x00000000a7f00000)
 Metaspace       used 89585K, capacity 94498K, committed 94632K, reserved 1132544K
  class space    used 11470K, capacity 12361K, committed 12456K, reserved 1048576K
Event: 2344.856 GC heap after
Heap after GC invocations=45 (full 3):
 PSYoungGen      total 469504K, used 22348K [0x00000000e0000000, 0x00000000ffc00000, 0x0000000100000000)
  eden space 420864K, 0% used [0x00000000e0000000,0x00000000e0000000,0x00000000f9b00000)
  from space 48640K, 45% used [0x00000000fcc80000,0x00000000fe2532a8,0x00000000ffc00000)
  to   space 49664K, 0% used [0x00000000f9b00000,0x00000000f9b00000,0x00000000fcb80000)
 ParOldGen       total 130048K, used 99846K [0x00000000a0000000, 0x00000000a7f00000, 0x00000000e0000000)
  object space 130048K, 76% used [0x00000000a0000000,0x00000000a6181990,0x00000000a7f00000)
 Metaspace       used 89585K, capacity 94498K, committed 94632K, reserved 1132544K
  class space    used 11470K, capacity 12361K, committed 12456K, reserved 1048576K
}
Event: 2345.939 GC heap before
{Heap before GC invocations=46 (full 3):
 PSYoungGen      total 469504K, used 443212K [0x00000000e0000000, 0x00000000ffc00000, 0x0000000100000000)
  eden space 420864K, 100% used [0x00000000e0000000,0x00000000f9b00000,0x00000000f9b00000)
  from space 48640K, 45% used [0x00000000fcc80000,0x00000000fe2532a8,0x00000000ffc00000)
  to   space 49664K, 0% used [0x00000000f9b00000,0x00000000f9b00000,0x00000000fcb80000)
 ParOldGen       total 130048K, used 99846K [0x00000000a0000000, 0x00000000a7f00000, 0x00000000e0000000)
  object space 130048K, 76% used [0x00000000a0000000,0x00000000a6181990,0x00000000a7f00000)
 Metaspace       used 89586K, capacity 94498K, committed 94632K, reserved 1132544K
  class space    used 11470K, capacity 12361K, committed 12456K, reserved 1048576K
Event: 2345.967 GC heap after
Heap after GC invocations=46 (full 3):
 PSYoungGen      total 470528K, used 18593K [0x00000000e0000000, 0x0000000100000000, 0x0000000100000000)
  eden space 420864K, 0% used [0x00000000e0000000,0x00000000e0000000,0x00000000f9b00000)
  from space 49664K, 37% used [0x00000000f9b00000,0x00000000fad284a8,0x00000000fcb80000)
  to   space 49152K, 0% used [0x00000000fd000000,0x00000000fd000000,0x0000000100000000)
 ParOldGen       total 130048K, used 100166K [0x00000000a0000000, 0x00000000a7f00000, 0x00000000e0000000)
  object space 130048K, 77% used [0x00000000a0000000,0x00000000a61d1990,0x00000000a7f00000)
 Metaspace       used 89586K, capacity 94498K, committed 94632K, reserved 1132544K
  class space    used 11470K, capacity 12361K, committed 12456K, reserved 1048576K
}
Event: 2347.390 GC heap before
{Heap before GC invocations=47 (full 3):
 PSYoungGen      total 470528K, used 439457K [0x00000000e0000000, 0x0000000100000000, 0x0000000100000000)
  eden space 420864K, 100% used [0x00000000e0000000,0x00000000f9b00000,0x00000000f9b00000)
  from space 49664K, 37% used [0x00000000f9b00000,0x00000000fad284a8,0x00000000fcb80000)
  to   space 49152K, 0% used [0x00000000fd000000,0x00000000fd000000,0x0000000100000000)
 ParOldGen       total 130048K, used 100166K [0x00000000a0000000, 0x00000000a7f00000, 0x00000000e0000000)
  object space 130048K, 77% used [0x00000000a0000000,0x00000000a61d1990,0x00000000a7f00000)
 Metaspace       used 89592K, capacity 94498K, committed 94632K, reserved 1132544K
  class space    used 11471K, capacity 12361K, committed 12456K, reserved 1048576K
Event: 2347.410 GC heap after
Heap after GC invocations=47 (full 3):
 PSYoungGen      total 474112K, used 13170K [0x00000000e0000000, 0x00000000fff80000, 0x0000000100000000)
  eden space 425472K, 0% used [0x00000000e0000000,0x00000000e0000000,0x00000000f9f80000)
  from space 48640K, 27% used [0x00000000fd000000,0x00000000fdcdc898,0x00000000fff80000)
  to   space 49152K, 0% used [0x00000000f9f80000,0x00000000f9f80000,0x00000000fcf80000)
 ParOldGen       total 130048K, used 100385K [0x00000000a0000000, 0x00000000a7f00000, 0x00000000e0000000)
  object space 130048K, 77% used [0x00000000a0000000,0x00000000a62086e0,0x00000000a7f00000)
 Metaspace       used 89592K, capacity 94498K, committed 94632K, reserved 1132544K
  class space    used 11471K, capacity 12361K, committed 12456K, reserved 1048576K
}
Event: 2348.704 GC heap before
{Heap before GC invocations=48 (full 3):
 PSYoungGen      total 474112K, used 438642K [0x00000000e0000000, 0x00000000fff80000, 0x0000000100000000)
  eden space 425472K, 100% used [0x00000000e0000000,0x00000000f9f80000,0x00000000f9f80000)
  from space 48640K, 27% used [0x00000000fd000000,0x00000000fdcdc898,0x00000000fff80000)
  to   space 49152K, 0% used [0x00000000f9f80000,0x00000000f9f80000,0x00000000fcf80000)
 ParOldGen       total 130048K, used 100385K [0x00000000a0000000, 0x00000000a7f00000, 0x00000000e0000000)
  object space 130048K, 77% used [0x00000000a0000000,0x00000000a62086e0,0x00000000a7f00000)
 Metaspace       used 89599K, capacity 94498K, committed 94632K, reserved 1132544K
  class space    used 11471K, capacity 12361K, committed 12456K, reserved 1048576K

