# JRE version: OpenJDK Runtime Environment (8.0_202-b03) (build 1.8.0_202-release-1483-b03)
# Java VM: OpenJDK 64-Bit Server VM (25.202-b03 mixed mode windows-amd64 compressed oops)
Heap:
 PSYoungGen      total 449024K, used 414358K [0x00000000e0000000, 0x0000000100000000, 0x0000000100000000)
  eden space 422400K, 93% used [0x00000000e0000000,0x00000000f8234ed0,0x00000000f9c80000)
  from space 26624K, 70% used [0x00000000fbb00000,0x00000000fcd709a0,0x00000000fd500000)
  to   space 31232K, 0% used [0x00000000f9c80000,0x00000000f9c80000,0x00000000fbb00000)
 ParOldGen       total 141824K, used 76483K [0x00000000a0000000, 0x00000000a8a80000, 0x00000000e0000000)
  object space 141824K, 53% used [0x00000000a0000000,0x00000000a4ab0df0,0x00000000a8a80000)
 Metaspace       used 70272K, capacity 73200K, committed 73384K, reserved 1112064K
  class space    used 9438K, capacity 10072K, committed 10152K, reserved 1048576K
GC Heap History (10 events):
Event: 34.114 GC heap before
{Heap before GC invocations=25 (full 3):
 PSYoungGen      total 329728K, used 308488K [0x00000000e0000000, 0x00000000f9b80000, 0x0000000100000000)
  eden space 292352K, 100% used [0x00000000e0000000,0x00000000f1d80000,0x00000000f1d80000)
  from space 37376K, 43% used [0x00000000f1d80000,0x00000000f2d42158,0x00000000f4200000)
  to   space 35328K, 0% used [0x00000000f7900000,0x00000000f7900000,0x00000000f9b80000)
 ParOldGen       total 141824K, used 70715K [0x00000000a0000000, 0x00000000a8a80000, 0x00000000e0000000)
  object space 141824K, 49% used [0x00000000a0000000,0x00000000a450eef8,0x00000000a8a80000)
 Metaspace       used 70096K, capacity 73018K, committed 73128K, reserved 1112064K
  class space    used 9434K, capacity 10067K, committed 10152K, reserved 1048576K
Event: 34.168 GC heap after
Heap after GC invocations=25 (full 3):
 PSYoungGen      total 385024K, used 21574K [0x00000000e0000000, 0x00000000f9b00000, 0x0000000100000000)
  eden space 350208K, 0% used [0x00000000e0000000,0x00000000e0000000,0x00000000f5600000)
  from space 34816K, 61% used [0x00000000f7900000,0x00000000f8e119a8,0x00000000f9b00000)
  to   space 35328K, 0% used [0x00000000f5600000,0x00000000f5600000,0x00000000f7880000)
 ParOldGen       total 141824K, used 72619K [0x00000000a0000000, 0x00000000a8a80000, 0x00000000e0000000)
  object space 141824K, 51% used [0x00000000a0000000,0x00000000a46eadd0,0x00000000a8a80000)
 Metaspace       used 70096K, capacity 73018K, committed 73128K, reserved 1112064K
  class space    used 9434K, capacity 10067K, committed 10152K, reserved 1048576K
}
Event: 36.684 GC heap before
{Heap before GC invocations=26 (full 3):
 PSYoungGen      total 385024K, used 371782K [0x00000000e0000000, 0x00000000f9b00000, 0x0000000100000000)
  eden space 350208K, 100% used [0x00000000e0000000,0x00000000f5600000,0x00000000f5600000)
  from space 34816K, 61% used [0x00000000f7900000,0x00000000f8e119a8,0x00000000f9b00000)
  to   space 35328K, 0% used [0x00000000f5600000,0x00000000f5600000,0x00000000f7880000)
 ParOldGen       total 141824K, used 72619K [0x00000000a0000000, 0x00000000a8a80000, 0x00000000e0000000)
  object space 141824K, 51% used [0x00000000a0000000,0x00000000a46eadd0,0x00000000a8a80000)
 Metaspace       used 70162K, capacity 73118K, committed 73384K, reserved 1112064K
  class space    used 9436K, capacity 10071K, committed 10152K, reserved 1048576K
Event: 36.772 GC heap after
Heap after GC invocations=26 (full 3):
 PSYoungGen      total 385536K, used 19681K [0x00000000e0000000, 0x00000000fdc80000, 0x0000000100000000)
  eden space 350208K, 0% used [0x00000000e0000000,0x00000000e0000000,0x00000000f5600000)
  from space 35328K, 55% used [0x00000000f5600000,0x00000000f6938400,0x00000000f7880000)
  to   space 34304K, 0% used [0x00000000fbb00000,0x00000000fbb00000,0x00000000fdc80000)
 ParOldGen       total 141824K, used 73891K [0x00000000a0000000, 0x00000000a8a80000, 0x00000000e0000000)
  object space 141824K, 52% used [0x00000000a0000000,0x00000000a4828dd0,0x00000000a8a80000)
 Metaspace       used 70162K, capacity 73118K, committed 73384K, reserved 1112064K
  class space    used 9436K, capacity 10071K, committed 10152K, reserved 1048576K
}
Event: 38.930 GC heap before
{Heap before GC invocations=27 (full 3):
 PSYoungGen      total 385536K, used 369889K [0x00000000e0000000, 0x00000000fdc80000, 0x0000000100000000)
  eden space 350208K, 100% used [0x00000000e0000000,0x00000000f5600000,0x00000000f5600000)
  from space 35328K, 55% used [0x00000000f5600000,0x00000000f6938400,0x00000000f7880000)
  to   space 34304K, 0% used [0x00000000fbb00000,0x00000000fbb00000,0x00000000fdc80000)
 ParOldGen       total 141824K, used 73891K [0x00000000a0000000, 0x00000000a8a80000, 0x00000000e0000000)
  object space 141824K, 52% used [0x00000000a0000000,0x00000000a4828dd0,0x00000000a8a80000)
 Metaspace       used 70199K, capacity 73192K, committed 73384K, reserved 1112064K
  class space    used 9437K, capacity 10072K, committed 10152K, reserved 1048576K
Event: 38.960 GC heap after
Heap after GC invocations=27 (full 3):
 PSYoungGen      total 440320K, used 15711K [0x00000000e0000000, 0x00000000fd500000, 0x0000000100000000)
  eden space 413696K, 0% used [0x00000000e0000000,0x00000000e0000000,0x00000000f9400000)
  from space 26624K, 59% used [0x00000000fbb00000,0x00000000fca57d80,0x00000000fd500000)
  to   space 33280K, 0% used [0x00000000f9400000,0x00000000f9400000,0x00000000fb480000)
 ParOldGen       total 141824K, used 76475K [0x00000000a0000000, 0x00000000a8a80000, 0x00000000e0000000)
  object space 141824K, 53% used [0x00000000a0000000,0x00000000a4aaedf0,0x00000000a8a80000)
 Metaspace       used 70199K, capacity 73192K, committed 73384K, reserved 1112064K
  class space    used 9437K, capacity 10072K, committed 10152K, reserved 1048576K
}
Event: 40.986 GC heap before
{Heap before GC invocations=28 (full 3):
 PSYoungGen      total 440320K, used 429407K [0x00000000e0000000, 0x00000000fd500000, 0x0000000100000000)
  eden space 413696K, 100% used [0x00000000e0000000,0x00000000f9400000,0x00000000f9400000)
  from space 26624K, 59% used [0x00000000fbb00000,0x00000000fca57d80,0x00000000fd500000)
  to   space 33280K, 0% used [0x00000000f9400000,0x00000000f9400000,0x00000000fb480000)
 ParOldGen       total 141824K, used 76475K [0x00000000a0000000, 0x00000000a8a80000, 0x00000000e0000000)
  object space 141824K, 53% used [0x00000000a0000000,0x00000000a4aaedf0,0x00000000a8a80000)
 Metaspace       used 70218K, capacity 73192K, committed 73384K, reserved 1112064K
  class space    used 9437K, capacity 10072K, committed 10152K, reserved 1048576K
Event: 41.037 GC heap after
Heap after GC invocations=28 (full 3):
 PSYoungGen      total 446976K, used 18959K [0x00000000e0000000, 0x00000000fd500000, 0x0000000100000000)
  eden space 413696K, 0% used [0x00000000e0000000,0x00000000e0000000,0x00000000f9400000)
  from space 33280K, 56% used [0x00000000f9400000,0x00000000fa683ce0,0x00000000fb480000)
  to   space 26624K, 0% used [0x00000000fbb00000,0x00000000fbb00000,0x00000000fd500000)
 ParOldGen       total 141824K, used 76483K [0x00000000a0000000, 0x00000000a8a80000, 0x00000000e0000000)
  object space 141824K, 53% used [0x00000000a0000000,0x00000000a4ab0df0,0x00000000a8a80000)
 Metaspace       used 70218K, capacity 73192K, committed 73384K, reserved 1112064K
  class space    used 9437K, capacity 10072K, committed 10152K, reserved 1048576K
}
Event: 42.963 GC heap before
{Heap before GC invocations=29 (full 3):
 PSYoungGen      total 446976K, used 432655K [0x00000000e0000000, 0x00000000fd500000, 0x0000000100000000)
  eden space 413696K, 100% used [0x00000000e0000000,0x00000000f9400000,0x00000000f9400000)
  from space 33280K, 56% used [0x00000000f9400000,0x00000000fa683ce0,0x00000000fb480000)
  to   space 26624K, 0% used [0x00000000fbb00000,0x00000000fbb00000,0x00000000fd500000)
 ParOldGen       total 141824K, used 76483K [0x00000000a0000000, 0x00000000a8a80000, 0x00000000e0000000)
  object space 141824K, 53% used [0x00000000a0000000,0x00000000a4ab0df0,0x00000000a8a80000)
 Metaspace       used 70246K, capacity 73196K, committed 73384K, reserved 1112064K
  class space    used 9437K, capacity 10072K, committed 10152K, reserved 1048576K
Event: 43.001 GC heap after
Heap after GC invocations=29 (full 3):
 PSYoungGen      total 449024K, used 18882K [0x00000000e0000000, 0x0000000100000000, 0x0000000100000000)
  eden space 422400K, 0% used [0x00000000e0000000,0x00000000e0000000,0x00000000f9c80000)
  from space 26624K, 70% used [0x00000000fbb00000,0x00000000fcd709a0,0x00000000fd500000)
  to   space 31232K, 0% used [0x00000000f9c80000,0x00000000f9c80000,0x00000000fbb00000)
 ParOldGen       total 141824K, used 76483K [0x00000000a0000000, 0x00000000a8a80000, 0x00000000e0000000)
  object space 141824K, 53% used [0x00000000a0000000,0x00000000a4ab0df0,0x00000000a8a80000)
 Metaspace       used 70246K, capacity 73196K, committed 73384K, reserved 1112064K
  class space    used 9437K, capacity 10072K, committed 10152K, reserved 1048576K
}

