# JRE version: OpenJDK Runtime Environment (8.0_202-b03) (build 1.8.0_202-release-1483-b03)
# Java VM: OpenJDK 64-Bit Server VM (25.202-b03 mixed mode windows-amd64 compressed oops)
Heap:
 PSYoungGen      total 214016K, used 81723K [0x00000000e0000000, 0x00000000f0000000, 0x0000000100000000)
  eden space 193536K, 31% used [0x00000000e0000000,0x00000000e3bd39f8,0x00000000ebd00000)
  from space 20480K, 99% used [0x00000000ee880000,0x00000000efc7b570,0x00000000efc80000)
  to   space 34304K, 0% used [0x00000000ebd00000,0x00000000ebd00000,0x00000000ede80000)
 ParOldGen       total 128512K, used 63971K [0x00000000a0000000, 0x00000000a7d80000, 0x00000000e0000000)
  object space 128512K, 49% used [0x00000000a0000000,0x00000000a3e78d40,0x00000000a7d80000)
 Metaspace       used 90470K, capacity 96310K, committed 96472K, reserved 1132544K
  class space    used 11759K, capacity 12792K, committed 12800K, reserved 1048576K
GC Heap History (10 events):
Event: 3815.109 GC heap before
{Heap before GC invocations=21 (full 3):
 PSYoungGen      total 245248K, used 244843K [0x00000000e0000000, 0x00000000f0b00000, 0x0000000100000000)
  eden space 230400K, 99% used [0x00000000e0000000,0x00000000ee0e2d58,0x00000000ee100000)
  from space 14848K, 98% used [0x00000000ee980000,0x00000000ef7b8168,0x00000000ef800000)
  to   space 19456K, 0% used [0x00000000ef800000,0x00000000ef800000,0x00000000f0b00000)
 ParOldGen       total 128512K, used 47043K [0x00000000a0000000, 0x00000000a7d80000, 0x00000000e0000000)
  object space 128512K, 36% used [0x00000000a0000000,0x00000000a2df0d68,0x00000000a7d80000)
 Metaspace       used 72705K, capacity 76892K, committed 77144K, reserved 1116160K
  class space    used 9506K, capacity 10271K, committed 10368K, reserved 1048576K
Event: 3815.139 GC heap after
Heap after GC invocations=21 (full 3):
 PSYoungGen      total 240128K, used 17633K [0x00000000e0000000, 0x00000000f0980000, 0x0000000100000000)
  eden space 222208K, 0% used [0x00000000e0000000,0x00000000e0000000,0x00000000ed900000)
  from space 17920K, 98% used [0x00000000ef800000,0x00000000f09384b0,0x00000000f0980000)
  to   space 23040K, 0% used [0x00000000edc80000,0x00000000edc80000,0x00000000ef300000)
 ParOldGen       total 128512K, used 47051K [0x00000000a0000000, 0x00000000a7d80000, 0x00000000e0000000)
  object space 128512K, 36% used [0x00000000a0000000,0x00000000a2df2d68,0x00000000a7d80000)
 Metaspace       used 72705K, capacity 76892K, committed 77144K, reserved 1116160K
  class space    used 9506K, capacity 10271K, committed 10368K, reserved 1048576K
}
Event: 6865.858 GC heap before
{Heap before GC invocations=22 (full 3):
 PSYoungGen      total 240128K, used 239841K [0x00000000e0000000, 0x00000000f0980000, 0x0000000100000000)
  eden space 222208K, 100% used [0x00000000e0000000,0x00000000ed900000,0x00000000ed900000)
  from space 17920K, 98% used [0x00000000ef800000,0x00000000f09384b0,0x00000000f0980000)
  to   space 23040K, 0% used [0x00000000edc80000,0x00000000edc80000,0x00000000ef300000)
 ParOldGen       total 128512K, used 47051K [0x00000000a0000000, 0x00000000a7d80000, 0x00000000e0000000)
  object space 128512K, 36% used [0x00000000a0000000,0x00000000a2df2d68,0x00000000a7d80000)
 Metaspace       used 74015K, capacity 78402K, committed 78552K, reserved 1118208K
  class space    used 9664K, capacity 10460K, committed 10496K, reserved 1048576K
Event: 6865.892 GC heap after
Heap after GC invocations=22 (full 3):
 PSYoungGen      total 237568K, used 23013K [0x00000000e0000000, 0x00000000f0480000, 0x0000000100000000)
  eden space 214528K, 0% used [0x00000000e0000000,0x00000000e0000000,0x00000000ed180000)
  from space 23040K, 99% used [0x00000000edc80000,0x00000000ef2f9440,0x00000000ef300000)
  to   space 17920K, 0% used [0x00000000ef300000,0x00000000ef300000,0x00000000f0480000)
 ParOldGen       total 128512K, used 47646K [0x00000000a0000000, 0x00000000a7d80000, 0x00000000e0000000)
  object space 128512K, 37% used [0x00000000a0000000,0x00000000a2e87bc0,0x00000000a7d80000)
 Metaspace       used 74015K, capacity 78402K, committed 78552K, reserved 1118208K
  class space    used 9664K, capacity 10460K, committed 10496K, reserved 1048576K
}
Event: 6878.682 GC heap before
{Heap before GC invocations=23 (full 3):
 PSYoungGen      total 237568K, used 237541K [0x00000000e0000000, 0x00000000f0480000, 0x0000000100000000)
  eden space 214528K, 100% used [0x00000000e0000000,0x00000000ed180000,0x00000000ed180000)
  from space 23040K, 99% used [0x00000000edc80000,0x00000000ef2f9440,0x00000000ef300000)
  to   space 17920K, 0% used [0x00000000ef300000,0x00000000ef300000,0x00000000f0480000)
 ParOldGen       total 128512K, used 47646K [0x00000000a0000000, 0x00000000a7d80000, 0x00000000e0000000)
  object space 128512K, 37% used [0x00000000a0000000,0x00000000a2e87bc0,0x00000000a7d80000)
 Metaspace       used 75373K, capacity 79832K, committed 80088K, reserved 1118208K
  class space    used 9814K, capacity 10651K, committed 10752K, reserved 1048576K
Event: 6878.699 GC heap after
Heap after GC invocations=23 (full 3):
 PSYoungGen      total 221696K, used 14040K [0x00000000e0000000, 0x00000000f0100000, 0x0000000100000000)
  eden space 207360K, 0% used [0x00000000e0000000,0x00000000e0000000,0x00000000eca80000)
  from space 14336K, 97% used [0x00000000ef300000,0x00000000f00b6268,0x00000000f0100000)
  to   space 25088K, 0% used [0x00000000ed000000,0x00000000ed000000,0x00000000ee880000)
 ParOldGen       total 128512K, used 50483K [0x00000000a0000000, 0x00000000a7d80000, 0x00000000e0000000)
  object space 128512K, 39% used [0x00000000a0000000,0x00000000a314cd28,0x00000000a7d80000)
 Metaspace       used 75373K, capacity 79832K, committed 80088K, reserved 1118208K
  class space    used 9814K, capacity 10651K, committed 10752K, reserved 1048576K
}
Event: 6889.897 GC heap before
{Heap before GC invocations=24 (full 3):
 PSYoungGen      total 221696K, used 221400K [0x00000000e0000000, 0x00000000f0100000, 0x0000000100000000)
  eden space 207360K, 100% used [0x00000000e0000000,0x00000000eca80000,0x00000000eca80000)
  from space 14336K, 97% used [0x00000000ef300000,0x00000000f00b6268,0x00000000f0100000)
  to   space 25088K, 0% used [0x00000000ed000000,0x00000000ed000000,0x00000000ee880000)
 ParOldGen       total 128512K, used 50483K [0x00000000a0000000, 0x00000000a7d80000, 0x00000000e0000000)
  object space 128512K, 39% used [0x00000000a0000000,0x00000000a314cd28,0x00000000a7d80000)
 Metaspace       used 83766K, capacity 88558K, committed 88792K, reserved 1126400K
  class space    used 10808K, capacity 11694K, committed 11776K, reserved 1048576K
Event: 6889.934 GC heap after
Heap after GC invocations=24 (full 3):
 PSYoungGen      total 225280K, used 25082K [0x00000000e0000000, 0x00000000efc80000, 0x0000000100000000)
  eden space 200192K, 0% used [0x00000000e0000000,0x00000000e0000000,0x00000000ec380000)
  from space 25088K, 99% used [0x00000000ed000000,0x00000000ee87e918,0x00000000ee880000)
  to   space 20480K, 0% used [0x00000000ee880000,0x00000000ee880000,0x00000000efc80000)
 ParOldGen       total 128512K, used 52179K [0x00000000a0000000, 0x00000000a7d80000, 0x00000000e0000000)
  object space 128512K, 40% used [0x00000000a0000000,0x00000000a32f4d50,0x00000000a7d80000)
 Metaspace       used 83766K, capacity 88558K, committed 88792K, reserved 1126400K
  class space    used 10808K, capacity 11694K, committed 11776K, reserved 1048576K
}
Event: 6892.602 GC heap before
{Heap before GC invocations=25 (full 3):
 PSYoungGen      total 225280K, used 225274K [0x00000000e0000000, 0x00000000efc80000, 0x0000000100000000)
  eden space 200192K, 100% used [0x00000000e0000000,0x00000000ec380000,0x00000000ec380000)
  from space 25088K, 99% used [0x00000000ed000000,0x00000000ee87e918,0x00000000ee880000)
  to   space 20480K, 0% used [0x00000000ee880000,0x00000000ee880000,0x00000000efc80000)
 ParOldGen       total 128512K, used 52179K [0x00000000a0000000, 0x00000000a7d80000, 0x00000000e0000000)
  object space 128512K, 40% used [0x00000000a0000000,0x00000000a32f4d50,0x00000000a7d80000)
 Metaspace       used 90033K, capacity 95856K, committed 95960K, reserved 1132544K
  class space    used 11718K, capacity 12739K, committed 12800K, reserved 1048576K
Event: 6892.642 GC heap after
Heap after GC invocations=25 (full 3):
 PSYoungGen      total 214016K, used 20461K [0x00000000e0000000, 0x00000000f0000000, 0x0000000100000000)
  eden space 193536K, 0% used [0x00000000e0000000,0x00000000e0000000,0x00000000ebd00000)
  from space 20480K, 99% used [0x00000000ee880000,0x00000000efc7b570,0x00000000efc80000)
  to   space 34304K, 0% used [0x00000000ebd00000,0x00000000ebd00000,0x00000000ede80000)
 ParOldGen       total 128512K, used 63971K [0x00000000a0000000, 0x00000000a7d80000, 0x00000000e0000000)
  object space 128512K, 49% used [0x00000000a0000000,0x00000000a3e78d40,0x00000000a7d80000)
 Metaspace       used 90033K, capacity 95856K, committed 95960K, reserved 1132544K
  class space    used 11718K, capacity 12739K, committed 12800K, reserved 1048576K
}

